Command line:
   tb_mulop_isim_beh.exe
     -simmode  gui
     -simrunnum  1
     -socket  36911

Wed Jun 21 21:12:56 2023


 Elaboration Time: 0.02 sec

 Current Memory Usage: 184.209 Meg

 Total Signals          : 6
 Total Nets             : 48
 Total Signal Drivers   : 3
 Total Blocks           : 6
 Total Primitive Blocks : 5
 Total Processes        : 2
 Total Traceable Variables  : 15
 Total Scalar Nets and Variables : 549
Total Line Count : 70

 Total Simulation Time: 0.04 sec

 Current Memory Usage: 259.711 Meg

Wed Jun 21 21:15:57 2023

