Command line:
   tb_idea_isim_beh.exe
     -simmode  gui
     -simrunnum  3
     -socket  40299

Wed Jun 21 21:14:16 2023


 Elaboration Time: 0.01 sec

 Current Memory Usage: 189.075 Meg

 Total Signals          : 607
 Total Nets             : 2128
 Total Signal Drivers   : 126
 Total Blocks           : 131
 Total Primitive Blocks : 120
 Total Processes        : 122
 Total Traceable Variables  : 15
 Total Scalar Nets and Variables : 2629
Total Line Count : 584

 Total Simulation Time: 0.1 sec

 Current Memory Usage: 264.577 Meg

Wed Jun 21 21:15:42 2023

