Command line:
   tb_round_isim_beh.exe
     -simmode  gui
     -simrunnum  2
     -socket  53927

Wed Jun 21 21:13:31 2023


 Elaboration Time: 0.03 sec

 Current Memory Usage: 184.488 Meg

 Total Signals          : 80
 Total Nets             : 384
 Total Signal Drivers   : 24
 Total Blocks           : 20
 Total Primitive Blocks : 18
 Total Processes        : 15
 Total Traceable Variables  : 15
 Total Scalar Nets and Variables : 885
Total Line Count : 232

 Total Simulation Time: 0.07 sec

 Current Memory Usage: 259.99 Meg

Wed Jun 21 21:15:53 2023

