Running: /opt/Xilinx/14.7/ISE_DS/ISE/bin/lin64/unwrapped/fuse -intstyle ise -incremental -o /home/haitham/VHDL_LAB/submission_template/submit/rcs1/tb_idea_single_isim_beh.exe -prj /home/haitham/VHDL_LAB/submission_template/submit/rcs1/tb_idea_single_beh.prj work.tb_idea_single 
ISim P.20131013 (signature 0xfbc00daa)
Number of CPUs detected in this system: 12
Turning on mult-threading, number of parallel sub-compilation jobs: 24 
Determining compilation order of HDL files
Parsing VHDL file "/home/haitham/VHDL_LAB/submission_template/submit/rcs1/xorop.vhd" into library work
Parsing VHDL file "/home/haitham/VHDL_LAB/submission_template/submit/rcs1/mulop.vhd" into library work
Parsing VHDL file "/home/haitham/VHDL_LAB/submission_template/submit/rcs1/addop.vhd" into library work
Parsing VHDL file "/home/haitham/VHDL_LAB/submission_template/submit/rcs1/trafo.vhd" into library work
Parsing VHDL file "/home/haitham/VHDL_LAB/submission_template/submit/rcs1/round.vhd" into library work
Parsing VHDL file "/home/haitham/VHDL_LAB/submission_template/submit/rcs1/reg16.vhd" into library work
Parsing VHDL file "/home/haitham/VHDL_LAB/submission_template/submit/rcs1/mux21.vhd" into library work
Parsing VHDL file "/home/haitham/VHDL_LAB/submission_template/submit/rcs1/key_generator.vhd" into library work
Parsing VHDL file "/home/haitham/VHDL_LAB/submission_template/submit/rcs1/control.vhd" into library work
Parsing VHDL file "/home/haitham/VHDL_LAB/submission_template/submit/rcs1/idea_single.vhd" into library work
Parsing VHDL file "/home/haitham/VHDL_LAB/submission_template/submit/rcs1/tb_idea_single.vhd" into library work
Starting static elaboration
Completed static elaboration
Fuse Memory Usage: 86648 KB
Fuse CPU Usage: 950 ms
Compiling package standard
Compiling package std_logic_1164
Compiling package std_logic_arith
Compiling package std_logic_unsigned
Compiling architecture behavioral of entity mux21 [mux21_default]
Compiling architecture behavioral of entity reg16 [reg16_default]
Compiling architecture behavioral of entity control [control_default]
Compiling architecture behavioral of entity key_generator [key_generator_default]
Compiling package numeric_std
Compiling architecture behavioral of entity mulop [mulop_default]
Compiling architecture behavioral of entity xorop [xorop_default]
Compiling architecture behavioral of entity addop [addop_default]
Compiling architecture behavioral of entity round [round_default]
Compiling architecture behavioral of entity trafo [trafo_default]
Compiling architecture structural of entity idea_single [idea_single_default]
Compiling architecture behavior of entity tb_idea_single
Time Resolution for simulation is 1ps.
Waiting for 1 sub-compilation(s) to finish...
Compiled 26 VHDL Units
Built simulation executable /home/haitham/VHDL_LAB/submission_template/submit/rcs1/tb_idea_single_isim_beh.exe
Fuse Memory Usage: 1711372 KB
Fuse CPU Usage: 1120 ms
GCC CPU Usage: 3620 ms
